%!Adobe-FontList 1.19
%Locale:0x407

%BeginFont
Handler:DirectoryHandler
FontType:TrueType
FontName:Roboto-Black
FamilyName:Roboto
StyleName:Black
FullName:Roboto Black
MenuName:Roboto Bk
StyleBits:2
WritingScript:Roman
OutlineFileName:E:\Aufräumen\Studium\User Experience Design\Project-Cherry\Doku Ideate Ordner\Document fonts\Roboto-Black.ttf
DataFormat:sfntData
hasSVG:no
VariableFontType:NonVariableFont
FileLength:164936
FileModTime:1457825645
WeightClass:400
WidthClass:5
AngleClass:0
NameArray:0,Mac,18,Roboto Black
NameArray:0,Mac,4,Roboto Black
NameArray:0,Win,1,Roboto Bk
NameArray:0,Win,16,Roboto
%EndFont

%BeginFont
Handler:DirectoryHandler
FontType:TrueType
FontName:Roboto-BoldItalic
FamilyName:Roboto
StyleName:Bold Italic
FullName:Roboto Bold Italic
MenuName:Roboto
StyleBits:3
WritingScript:Roman
OutlineFileName:E:\Aufräumen\Studium\User Experience Design\Project-Cherry\Doku Ideate Ordner\Document fonts\Roboto-BoldItalic_0.ttf
DataFormat:sfntData
hasSVG:no
VariableFontType:NonVariableFont
FileLength:174520
FileModTime:1357686000
WeightClass:700
WidthClass:5
AngleClass:1
NameArray:0,Win,1,Roboto
%EndFont

%BeginFont
Handler:DirectoryHandler
FontType:TrueType
FontName:Roboto-Bold
FamilyName:Roboto
StyleName:Bold
FullName:Roboto Bold
MenuName:Roboto
StyleBits:2
WritingScript:Roman
OutlineFileName:E:\Aufräumen\Studium\User Experience Design\Project-Cherry\Doku Ideate Ordner\Document fonts\Roboto-Bold_0.ttf
DataFormat:sfntData
hasSVG:no
VariableFontType:NonVariableFont
FileLength:170348
FileModTime:1357686000
WeightClass:700
WidthClass:5
AngleClass:0
NameArray:0,Win,1,Roboto
%EndFont

%BeginFont
Handler:DirectoryHandler
FontType:TrueType
FontName:Roboto-Medium
FamilyName:Roboto
StyleName:Medium
FullName:Roboto Medium
MenuName:Roboto Lt
StyleBits:0
WritingScript:Roman
OutlineFileName:E:\Aufräumen\Studium\User Experience Design\Project-Cherry\Doku Ideate Ordner\Document fonts\Roboto-Medium.ttf
DataFormat:sfntData
hasSVG:no
VariableFontType:NonVariableFont
FileLength:160696
FileModTime:1457825646
WeightClass:500
WidthClass:5
AngleClass:0
NameArray:0,Mac,18,Roboto Medium
NameArray:0,Mac,4,Roboto Medium
NameArray:0,Win,1,Roboto Lt
NameArray:0,Win,16,Roboto
%EndFont

%BeginFont
Handler:DirectoryHandler
FontType:TrueType
FontName:Roboto-MediumItalic
FamilyName:Roboto
StyleName:Medium Italic
FullName:Roboto Medium Italic
MenuName:Roboto Medium
StyleBits:1
WritingScript:Roman
OutlineFileName:E:\Aufräumen\Studium\User Experience Design\Project-Cherry\Doku Ideate Ordner\Document fonts\Roboto-MediumItalic_0.ttf
DataFormat:sfntData
hasSVG:no
VariableFontType:NonVariableFont
FileLength:176428
FileModTime:1357686000
WeightClass:500
WidthClass:5
AngleClass:1
NameArray:0,Win,1,Roboto Medium
NameArray:0,Win,16,Roboto
%EndFont

%BeginFont
Handler:DirectoryHandler
FontType:TrueType
FontName:Roboto-Regular
FamilyName:Roboto
StyleName:Regular
FullName:Roboto Regular
MenuName:Roboto
StyleBits:0
WritingScript:Roman
OutlineFileName:E:\Aufräumen\Studium\User Experience Design\Project-Cherry\Doku Ideate Ordner\Document fonts\Roboto-Regular.ttf
DataFormat:sfntData
hasSVG:no
VariableFontType:NonVariableFont
FileLength:158604
FileModTime:1457825646
WeightClass:400
WidthClass:5
AngleClass:0
NameArray:0,Mac,18,Roboto Regular
NameArray:0,Mac,4,Roboto Regular
NameArray:0,Win,1,Roboto
%EndFont

